<?xml version="1.0" encoding="UTF-8"?>
<!-- Generated by org.testng.reporters.JUnitXMLReporter -->
<testsuite hostname="VDDK35X-GV8AKKR" ignored="0" name="Surefire test" tests="1" failures="1" timestamp="12 May 2019 01:41:18 GMT" time="2.733" errors="0">
  <testcase name="test" time="2.653" classname="com.citrus.demo.citrustest.CitrusSampleTest">
    <failure type="com.consol.citrus.exceptions.TestCaseFailedException" message="Validation failed: Values not equal for header element &amp;apos;citrus_http_status_code&amp;apos;, expected &amp;apos;201&amp;apos; but was &amp;apos;403&amp;apos;">
      <![CDATA[com.consol.citrus.exceptions.TestCaseFailedException: Validation failed: Values not equal for header element 'citrus_http_status_code', expected '201' but was '403'
at com.consol.citrus.dsl.testng.TestNGCitrusTest.invokeTestMethod(TestNGCitrusTest.java:131)
at com.consol.citrus.dsl.testng.TestNGCitrusTest.run(TestNGCitrusTest.java:110)
at com.consol.citrus.dsl.testng.TestNGCitrusTest.run(TestNGCitrusTest.java:56)
Caused by: com.consol.citrus.exceptions.TestCaseFailedException: Validation failed: Values not equal for header element 'citrus_http_status_code', expected '201' but was '403'
at com.consol.citrus.TestCase.executeAction(TestCase.java:227)
at com.consol.citrus.dsl.runner.DefaultTestRunner.run(DefaultTestRunner.java:188)
at com.consol.citrus.dsl.runner.DefaultTestRunner.http(DefaultTestRunner.java:540)
at com.consol.citrus.dsl.testng.TestNGCitrusTestRunner.http(TestNGCitrusTestRunner.java:375)
at com.citrus.demo.citrustest.CitrusSampleTest.test(CitrusSampleTest.java:50)
at org.springframework.util.ReflectionUtils.invokeMethod(ReflectionUtils.java:223)
at com.consol.citrus.dsl.testng.TestNGCitrusTest.invokeTestMethod(TestNGCitrusTest.java:128)
... 28 more
Caused by: com.consol.citrus.exceptions.ValidationException: Validation failed: Values not equal for header element 'citrus_http_status_code', expected '201' but was '403'
at com.consol.citrus.validation.DefaultHeaderValidator.validateHeader(DefaultHeaderValidator.java:77)
at com.consol.citrus.validation.DefaultMessageHeaderValidator.validateMessage(DefaultMessageHeaderValidator.java:90)
at com.consol.citrus.validation.DefaultMessageHeaderValidator.validateMessage(DefaultMessageHeaderValidator.java:36)
at com.consol.citrus.validation.AbstractMessageValidator.validateMessage(AbstractMessageValidator.java:46)
at com.consol.citrus.actions.ReceiveMessageAction.validateMessage(ReceiveMessageAction.java:231)
at com.consol.citrus.actions.ReceiveMessageAction.doExecute(ReceiveMessageAction.java:128)
at com.consol.citrus.actions.AbstractTestAction.execute(AbstractTestAction.java:42)
at com.consol.citrus.dsl.actions.DelegatingTestAction.doExecute(DelegatingTestAction.java:54)
at com.consol.citrus.actions.AbstractTestAction.execute(AbstractTestAction.java:42)
at com.consol.citrus.TestCase.executeAction(TestCase.java:220)
... 38 more
Caused by: java.lang.IllegalArgumentException: Values not equal for header element 'citrus_http_status_code', expected '201' but was '403'
at org.springframework.util.Assert.isTrue(Assert.java:116)
at com.consol.citrus.validation.DefaultHeaderValidator.validateHeader(DefaultHeaderValidator.java:64)
... 47 more
... Removed 30 stack frames]]>
    </failure>
  </testcase> <!-- test -->
</testsuite> <!-- Surefire test -->
